TN:
SF:/home/mateo/.conan2/p/b/unitydedff9f7f2597/p/include/unity/unity.h
FN:31,setUp
FN:32,tearDown
FNDA:64,tearDown
FNDA:64,setUp
FNF:2
FNH:2
DA:31,64
DA:32,64
LF:2
LH:2
end_of_record
TN:
SF:/home/mateo/FacultadMate/Sistemas/Lab3/so-i-24-chp3-mateoUNC/shell/Testing/src/test_commands.c
FN:43,test_change_directory
FN:75,test_execute_command_valid
FN:101,test_execute_command_invalid
FN:136,test_echo_command_single_arg
FN:158,test_echo_command_exceed_buffer
FN:197,test_execute_command_background
FNDA:4,test_execute_command_invalid
FNDA:4,test_execute_command_valid
FNDA:0,test_echo_command_single_arg
FNDA:0,test_echo_command_exceed_buffer
FNDA:4,test_change_directory
FNDA:0,test_execute_command_background
FNF:6
FNH:3
DA:43,4
DA:44,4
DA:45,4
DA:48,4
DA:52,4
DA:55,4
DA:59,4
DA:60,4
DA:63,4
DA:64,4
DA:75,4
DA:76,4
DA:77,4
DA:80,4
DA:81,4
DA:82,4
DA:83,4
DA:86,4
DA:89,4
DA:90,4
DA:101,4
DA:102,4
DA:103,4
DA:107,4
DA:108,4
DA:109,4
DA:110,4
DA:113,4
DA:116,4
DA:117,4
DA:121,4
DA:122,4
DA:125,4
DA:126,4
DA:136,0
DA:138,0
DA:141,0
DA:142,0
DA:145,0
DA:146,0
DA:158,0
DA:159,0
DA:160,0
DA:163,0
DA:166,0
DA:167,0
DA:170,0
DA:171,0
DA:174,0
DA:175,0
DA:178,0
DA:179,0
DA:180,0
DA:182,0
DA:185,0
DA:197,0
DA:198,0
DA:199,0
DA:200,0
DA:201,0
DA:204,0
DA:207,0
DA:209,0
DA:214,0
DA:215,0
LF:65
LH:34
end_of_record
TN:
SF:/home/mateo/FacultadMate/Sistemas/Lab3/so-i-24-chp3-mateoUNC/shell/Testing/src/test_fusion.c
FN:21,test_fusion_of_adjacent_blocks
FNDA:4,test_fusion_of_adjacent_blocks
FNF:1
FNH:1
DA:21,4
DA:23,4
DA:24,4
DA:25,4
DA:26,4
DA:27,4
DA:28,4
DA:31,4
DA:32,4
DA:33,4
DA:34,4
DA:35,4
DA:38,4
DA:39,4
DA:40,4
DA:41,4
DA:42,4
DA:45,4
DA:48,4
DA:49,4
DA:50,4
DA:52,4
DA:54,4
DA:57,4
DA:58,4
LF:25
LH:25
end_of_record
TN:
SF:/home/mateo/FacultadMate/Sistemas/Lab3/so-i-24-chp3-mateoUNC/shell/Testing/src/test_main.c
FN:74,main
FNDA:4,main
FNF:1
FNH:1
DA:42,64
DA:43,64
DA:44,64
DA:45,64
DA:48,64
DA:49,64
DA:50,64
DA:62,64
DA:74,4
DA:75,4
DA:78,4
DA:79,4
DA:82,4
DA:83,4
DA:84,4
DA:87,4
DA:90,4
DA:91,4
DA:92,4
DA:93,4
DA:96,4
DA:97,4
DA:98,4
DA:101,4
DA:102,4
DA:103,4
DA:105,4
LF:27
LH:27
end_of_record
TN:
SF:/home/mateo/FacultadMate/Sistemas/Lab3/so-i-24-chp3-mateoUNC/shell/Testing/src/test_malloc.c
FN:8,test_malloc_simple
FNDA:4,test_malloc_simple
FNF:1
FNH:1
DA:8,4
DA:9,4
DA:10,4
DA:11,4
DA:12,4
DA:14,4
DA:15,4
DA:16,4
DA:19,4
DA:20,4
DA:21,4
DA:22,4
LF:12
LH:12
end_of_record
TN:
SF:/home/mateo/FacultadMate/Sistemas/Lab3/so-i-24-chp3-mateoUNC/shell/Testing/src/test_mocks.c
FN:45,kill
FN:62,__wrap_printf
FN:91,clear_printf_buffer
FN:103,get_printf_buffer
FN:112,print_prompt
FNDA:16,kill
FNDA:0,__wrap_printf
FNDA:0,clear_printf_buffer
FNDA:12,print_prompt
FNDA:0,get_printf_buffer
FNF:5
FNH:2
DA:45,16
DA:46,16
DA:47,16
DA:48,16
DA:49,16
DA:62,0
DA:63,0
DA:66,0
DA:69,0
DA:71,0
DA:72,0
DA:74,0
DA:77,0
DA:79,0
DA:81,0
DA:91,0
DA:92,0
DA:93,0
DA:94,0
DA:103,0
DA:112,12
DA:123,92
DA:124,92
DA:125,92
DA:139,40
DA:140,40
DA:141,40
DA:142,40
LF:28
LH:13
end_of_record
TN:
SF:/home/mateo/FacultadMate/Sistemas/Lab3/so-i-24-chp3-mateoUNC/shell/Testing/src/test_monitorHandler.c
FN:119,test_start_monitor
FNDA:4,test_start_monitor
FNF:1
FNH:1
DA:119,4
DA:121,4
DA:124,4
DA:127,4
DA:131,4
DA:135,4
DA:138,4
DA:141,4
DA:146,4
DA:149,4
DA:150,4
DA:151,4
DA:154,4
DA:155,4
LF:14
LH:14
end_of_record
TN:
SF:/home/mateo/FacultadMate/Sistemas/Lab3/so-i-24-chp3-mateoUNC/shell/Testing/src/test_parser.c
FN:21,test_divisor_input
FN:45,test_parse_pipeline
FNDA:4,test_divisor_input
FNDA:4,test_parse_pipeline
FNF:2
FNH:2
DA:21,4
DA:22,4
DA:26,4
DA:29,4
DA:30,4
DA:31,4
DA:32,4
DA:33,4
DA:34,4
DA:45,4
DA:46,4
DA:51,4
DA:54,4
DA:55,4
DA:56,4
DA:57,4
DA:58,4
DA:59,4
LF:18
LH:18
end_of_record
TN:
SF:/home/mateo/FacultadMate/Sistemas/Lab3/so-i-24-chp3-mateoUNC/shell/Testing/src/test_redireccion.c
FN:23,test_cat_redireccion_entrada
FN:63,test_cat_redireccion_entrada_multilinea
FN:105,test_cat_redireccion_entrada_vacia
FNDA:4,test_cat_redireccion_entrada_multilinea
FNDA:4,test_cat_redireccion_entrada
FNDA:4,test_cat_redireccion_entrada_vacia
FNF:3
FNH:3
DA:23,4
DA:25,4
DA:26,4
DA:29,4
DA:30,4
DA:33,4
DA:34,4
DA:37,4
DA:40,4
DA:41,4
DA:45,4
DA:46,4
DA:48,4
DA:52,4
DA:53,4
DA:54,4
DA:63,4
DA:65,4
DA:66,4
DA:69,4
DA:70,4
DA:73,4
DA:75,4
DA:77,4
DA:80,4
DA:81,4
DA:85,4
DA:86,4
DA:88,4
DA:89,4
DA:91,4
DA:92,4
DA:94,4
DA:95,4
DA:96,4
DA:97,4
DA:105,4
DA:107,4
DA:108,4
DA:111,4
DA:113,4
DA:115,4
DA:118,4
DA:119,4
DA:123,4
DA:125,4
DA:126,4
DA:127,4
DA:128,4
LF:49
LH:49
end_of_record
TN:
SF:/home/mateo/FacultadMate/Sistemas/Lab3/so-i-24-chp3-mateoUNC/shell/Testing/src/test_signals.c
FN:29,test_shell_signal_handler_SIGINT_with_foreground_pid
FN:74,test_shell_signal_handler_SIGTSTP_with_foreground_pid
FN:131,test_shell_signal_handler_SIGINT_no_foreground_pid
FN:162,test_shell_signal_handler_SIGTSTP_no_foreground_pid
FNDA:4,test_shell_signal_handler_SIGTSTP_with_foreground_pid
FNDA:4,test_shell_signal_handler_SIGINT_with_foreground_pid
FNDA:4,test_shell_signal_handler_SIGINT_no_foreground_pid
FNDA:4,test_shell_signal_handler_SIGTSTP_no_foreground_pid
FNF:4
FNH:4
DA:29,4
DA:31,4
DA:32,4
DA:33,4
DA:34,4
DA:35,4
DA:36,4
DA:37,4
DA:38,4
DA:39,4
DA:40,4
DA:41,4
DA:44,4
DA:47,4
DA:50,4
DA:51,4
DA:53,4
DA:56,4
DA:59,4
DA:60,4
DA:61,4
DA:62,4
DA:63,4
DA:74,4
DA:76,4
DA:77,4
DA:78,4
DA:79,4
DA:80,4
DA:81,4
DA:82,4
DA:83,4
DA:84,4
DA:85,4
DA:86,4
DA:89,4
DA:92,4
DA:95,4
DA:96,4
DA:98,4
DA:102,4
DA:106,4
DA:110,4
DA:114,4
DA:115,4
DA:119,4
DA:121,4
DA:131,4
DA:133,4
DA:134,4
DA:135,4
DA:136,4
DA:137,4
DA:140,4
DA:143,4
DA:146,4
DA:150,4
DA:151,4
DA:152,4
DA:162,4
DA:164,4
DA:165,4
DA:166,4
DA:167,4
DA:168,4
DA:171,4
DA:174,4
DA:177,4
DA:181,4
DA:182,4
DA:183,4
LF:71
LH:71
end_of_record
TN:
SF:/home/mateo/FacultadMate/Sistemas/Lab3/so-i-24-chp3-mateoUNC/shell/Testing/src/test_utils.c
FN:9,test_exit
FNDA:0,test_exit
FNF:1
FNH:0
DA:9,0
DA:10,0
DA:11,0
DA:12,0
LF:4
LH:0
end_of_record
TN:
SF:/home/mateo/FacultadMate/Sistemas/Lab3/so-i-24-chp3-mateoUNC/shell/Testing/src/test_worst_fit.c
FN:15,test_worst_fit_allocation
FNDA:4,test_worst_fit_allocation
FNF:1
FNH:1
DA:7,4
DA:8,4
DA:12,4
DA:15,4
DA:19,4
DA:20,4
DA:21,4
DA:23,4
DA:24,4
DA:25,4
DA:27,4
DA:28,4
DA:29,4
DA:31,4
DA:32,4
DA:33,4
DA:36,4
DA:37,4
DA:39,4
DA:40,4
DA:43,4
DA:46,4
DA:47,4
DA:48,4
DA:51,4
DA:52,4
DA:55,4
DA:56,4
DA:59,4
DA:60,4
DA:63,4
DA:64,4
DA:65,4
DA:66,4
DA:69,4
DA:72,4
LF:36
LH:36
end_of_record
TN:
SF:/home/mateo/FacultadMate/Sistemas/Lab3/so-i-24-chp3-mateoUNC/shell/lib/memory/src/memory.c
FN:29,simulate_memory_activity
FN:51,initialize_logger
FN:71,finalize_logger
FN:78,set_logging
FN:82,log_event
FN:105,is_aligned
FN:109,get_block
FN:120,valid_addr
FN:130,find_block
FN:177,split_block
FN:202,fusion
FN:227,copy_block
FN:232,extend_heap
FN:256,set_method
FN:260,malloc_control
FN:276,debug_heap
FN:286,check_heap
FN:325,extended
FN:420,my_malloc
FN:462,my_free
FN:484,my_calloc
FN:504,my_realloc
FN:546,memory_usage
FN:577,calculate_memory_fragmentation
FNDA:0,set_logging
FNDA:40,my_malloc
FNDA:4,initialize_logger
FNDA:0,is_aligned
FNDA:0,my_calloc
FNDA:0,extended
FNDA:160,log_event
FNDA:0,simulate_memory_activity
FNDA:0,calculate_memory_fragmentation
FNDA:40,fusion
FNDA:4,malloc_control
FNDA:20,extend_heap
FNDA:0,memory_usage
FNDA:0,set_method
FNDA:0,my_realloc
FNDA:16,split_block
FNDA:0,copy_block
FNDA:0,valid_addr
FNDA:4,finalize_logger
FNDA:0,check_heap
FNDA:16,get_block
FNDA:40,my_free
FNDA:36,find_block
FNDA:8,debug_heap
FNF:24
FNH:12
DA:29,0
DA:33,0
DA:34,0
DA:35,0
DA:37,0
DA:40,0
DA:41,0
DA:42,0
DA:43,0
DA:44,0
DA:45,0
DA:46,0
DA:49,0
DA:51,4
DA:52,4
DA:56,4
DA:57,4
DA:58,0
DA:59,0
DA:62,4
DA:63,4
DA:64,4
DA:65,1
DA:71,4
DA:72,4
DA:73,4
DA:74,4
DA:76,4
DA:78,0
DA:79,0
DA:80,0
DA:82,160
DA:83,160
DA:84,80
DA:87,80
DA:89,80
DA:90,80
DA:92,80
DA:94,80
DA:95,80
DA:96,80
DA:98,80
DA:100,80
DA:102,80
DA:105,0
DA:106,0
DA:109,16
DA:110,16
DA:111,184
DA:112,184
DA:113,16
DA:115,88
DA:120,0
DA:121,40
DA:123,40
DA:124,0
DA:130,36
DA:131,36
DA:133,36
DA:134,20
DA:135,12
DA:136,12
DA:138,8
DA:139,28
DA:143,0
DA:144,0
DA:145,0
DA:146,0
DA:148,0
DA:153,0
DA:154,0
DA:156,0
DA:157,28
DA:161,92
DA:162,64
DA:163,20
DA:168,64
DA:169,64
DA:171,28
DA:177,16
DA:178,16
DA:179,0
DA:182,16
DA:184,16
DA:185,16
DA:186,16
DA:187,16
DA:188,16
DA:190,16
DA:191,16
DA:193,16
DA:194,4
DA:198,16
DA:199,16
DA:202,40
DA:203,40
DA:205,56
DA:206,16
DA:207,16
DA:208,16
DA:209,8
DA:213,40
DA:215,16
DA:216,16
DA:217,16
DA:218,0
DA:222,40
DA:224,40
DA:227,0
DA:228,0
DA:229,0
DA:230,0
DA:232,20
DA:235,20
DA:236,20
DA:237,0
DA:238,0
DA:239,0
DA:242,20
DA:243,20
DA:244,20
DA:245,20
DA:246,20
DA:248,20
DA:249,16
DA:252,20
DA:254,20
DA:256,0
DA:257,4
DA:258,0
DA:260,4
DA:261,4
DA:263,0
DA:264,4
DA:266,0
DA:267,4
DA:269,4
DA:271,0
DA:272,0
DA:274,4
DA:276,8
DA:277,8
DA:278,8
DA:279,24
DA:280,16
DA:281,16
DA:282,16
DA:284,8
DA:286,0
DA:288,0
DA:289,0
DA:293,0
DA:294,0
DA:295,0
DA:298,0
DA:299,0
DA:301,0
DA:302,0
DA:304,0
DA:307,0
DA:308,0
DA:310,0
DA:313,0
DA:315,0
DA:316,0
DA:317,0
DA:319,0
DA:322,0
DA:325,0
DA:326,0
DA:327,0
DA:328,0
DA:331,0
DA:333,0
DA:341,0
DA:342,0
DA:343,0
DA:345,0
DA:346,0
DA:351,0
DA:352,0
DA:356,0
DA:357,0
DA:358,0
DA:364,0
DA:365,0
DA:370,0
DA:371,0
DA:373,0
DA:374,0
DA:380,0
DA:382,0
DA:383,0
DA:384,0
DA:385,0
DA:386,0
DA:388,0
DA:393,0
DA:394,0
DA:395,0
DA:400,0
DA:402,0
DA:403,0
DA:404,0
DA:405,0
DA:409,0
DA:412,0
DA:413,0
DA:416,0
DA:420,40
DA:421,40
DA:422,40
DA:426,40
DA:427,36
DA:428,36
DA:429,20
DA:430,16
DA:432,20
DA:433,20
DA:435,20
DA:437,16
DA:438,16
DA:439,0
DA:440,0
DA:442,16
DA:443,16
DA:445,16
DA:448,4
DA:449,4
DA:450,0
DA:451,0
DA:453,4
DA:454,4
DA:456,4
DA:462,40
DA:463,40
DA:464,0
DA:465,0
DA:470,40
DA:471,0
DA:472,0
DA:475,40
DA:477,40
DA:479,40
DA:481,0
DA:484,0
DA:488,0
DA:489,0
DA:490,0
DA:493,0
DA:494,0
DA:495,0
DA:496,0
DA:497,0
DA:499,0
DA:504,0
DA:510,0
DA:511,0
DA:515,0
DA:517,0
DA:518,0
DA:519,0
DA:520,0
DA:521,0
DA:523,0
DA:524,0
DA:525,0
DA:526,0
DA:527,0
DA:528,0
DA:530,0
DA:531,0
DA:532,0
DA:533,0
DA:536,0
DA:537,0
DA:538,0
DA:542,0
DA:543,0
DA:546,0
DA:547,0
DA:548,0
DA:549,0
DA:552,0
DA:553,0
DA:555,0
DA:558,0
DA:560,0
DA:561,0
DA:563,0
DA:565,0
DA:568,0
DA:569,0
DA:570,0
DA:573,0
DA:574,0
DA:577,0
DA:581,0
DA:582,0
DA:583,0
DA:584,0
DA:589,0
DA:592,0
DA:596,0
DA:597,0
LF:305
LH:130
end_of_record
TN:
SF:/home/mateo/FacultadMate/Sistemas/Lab3/so-i-24-chp3-mateoUNC/shell/src/commands.c
FN:19,get_current_job_id
FN:21,echo_command
FN:71,close_descriptors
FN:76,execute_command
FN:227,handle_redirection
FN:244,handle_parent_process
FN:268,reset_signal_handlers
FN:274,change_directory
FNDA:4,change_directory
FNDA:20,handle_redirection
FNDA:20,close_descriptors
FNDA:0,get_current_job_id
FNDA:0,echo_command
FNDA:20,handle_parent_process
FNDA:20,reset_signal_handlers
FNDA:20,execute_command
FNF:8
FNH:6
DA:19,0
DA:21,0
DA:23,0
DA:25,0
DA:27,0
DA:33,0
DA:38,0
DA:39,0
DA:44,0
DA:45,0
DA:48,0
DA:50,0
DA:52,0
DA:56,0
DA:59,0
DA:60,0
DA:63,0
DA:67,0
DA:68,0
DA:71,20
DA:72,20
DA:73,20
DA:74,20
DA:76,20
DA:82,68
DA:83,48
DA:84,12
DA:85,12
DA:86,12
DA:87,0
DA:88,0
DA:90,12
DA:91,36
DA:92,12
DA:93,12
DA:94,12
DA:95,0
DA:96,0
DA:98,12
DA:99,24
DA:101,0
DA:106,20
DA:107,0
DA:108,0
DA:109,0
DA:110,0
DA:112,0
DA:113,0
DA:114,0
DA:115,0
DA:118,0
DA:119,0
DA:121,0
DA:122,0
DA:123,0
DA:126,0
DA:127,0
DA:128,0
DA:130,0
DA:132,0
DA:133,0
DA:137,20
DA:138,0
DA:139,0
DA:141,0
DA:143,0
DA:144,0
DA:148,20
DA:149,0
DA:150,0
DA:151,0
DA:153,20
DA:154,0
DA:155,0
DA:156,0
DA:158,20
DA:159,0
DA:160,0
DA:161,0
DA:163,20
DA:164,0
DA:165,0
DA:166,0
DA:167,0
DA:169,20
DA:170,0
DA:171,0
DA:172,0
DA:176,20
DA:177,0
DA:178,0
DA:179,0
DA:180,0
DA:181,0
DA:182,0
DA:184,0
DA:186,0
DA:187,0
DA:188,0
DA:189,0
DA:191,0
DA:193,0
DA:194,0
DA:198,20
DA:199,40
DA:200,20
DA:203,20
DA:204,0
DA:205,0
DA:208,20
DA:211,20
DA:212,20
DA:213,0
DA:214,0
DA:215,0
DA:217,20
DA:218,0
DA:220,20
DA:223,40
DA:227,20
DA:228,20
DA:229,12
DA:230,0
DA:231,0
DA:233,12
DA:235,20
DA:236,12
DA:237,0
DA:238,0
DA:240,12
DA:242,20
DA:244,20
DA:245,20
DA:246,0
DA:249,20
DA:251,20
DA:252,0
DA:254,20
DA:255,0
DA:256,0
DA:259,20
DA:260,0
DA:261,20
DA:263,20
DA:268,20
DA:269,20
DA:270,20
DA:271,20
DA:272,20
DA:274,4
DA:276,4
DA:278,4
DA:281,4
DA:282,0
DA:283,0
DA:287,4
DA:288,0
DA:290,0
DA:291,0
DA:292,0
DA:294,0
DA:296,0
DA:299,0
DA:303,0
DA:307,4
DA:308,4
DA:312,4
DA:313,4
DA:315,4
DA:317,0
LF:170
LH:66
end_of_record
TN:
SF:/home/mateo/FacultadMate/Sistemas/Lab3/so-i-24-chp3-mateoUNC/shell/src/file_finder.c
FN:10,print_file_content
FN:43,find_config_files
FNDA:0,print_file_content
FNDA:0,find_config_files
FNF:2
FNH:0
DA:10,0
DA:11,0
DA:12,0
DA:13,0
DA:14,0
DA:17,0
DA:19,0
DA:20,0
DA:21,0
DA:22,0
DA:23,0
DA:25,0
DA:28,0
DA:29,0
DA:32,0
DA:33,0
DA:36,0
DA:37,0
DA:38,0
DA:43,0
DA:44,0
DA:45,0
DA:46,0
DA:47,0
DA:50,0
DA:53,0
DA:55,0
DA:56,0
DA:60,0
DA:63,0
DA:64,0
DA:65,0
DA:69,0
DA:71,0
DA:72,0
DA:73,0
DA:74,0
DA:75,0
DA:79,0
DA:80,0
DA:83,0
LF:41
LH:0
end_of_record
TN:
SF:/home/mateo/FacultadMate/Sistemas/Lab3/so-i-24-chp3-mateoUNC/shell/src/monitorHandle.c
FN:35,read_sampling_interval
FN:48,get_executable_dir
FN:75,start_monitor
FN:129,stop_monitor
FN:148,handle_sigint
FN:154,status_monitor
FNDA:0,read_sampling_interval
FNDA:0,status_monitor
FNDA:0,stop_monitor
FNDA:0,get_executable_dir
FNDA:0,handle_sigint
FNDA:8,start_monitor
FNF:6
FNH:1
DA:35,0
DA:36,0
DA:37,0
DA:39,0
DA:40,0
DA:41,0
DA:43,0
DA:45,0
DA:48,0
DA:49,0
DA:50,0
DA:51,0
DA:52,0
DA:54,0
DA:57,0
DA:58,0
DA:59,0
DA:60,0
DA:64,0
DA:65,0
DA:67,0
DA:71,0
DA:72,0
DA:75,8
DA:76,8
DA:78,8
DA:79,8
DA:80,8
DA:82,0
DA:83,0
DA:84,0
DA:89,0
DA:90,0
DA:91,0
DA:97,0
DA:102,0
DA:105,0
DA:106,0
DA:107,0
DA:111,0
DA:112,0
DA:114,0
DA:115,0
DA:118,0
DA:119,0
DA:120,0
DA:121,0
DA:123,0
DA:124,0
DA:129,0
DA:130,0
DA:131,0
DA:132,0
DA:136,0
DA:137,0
DA:138,0
DA:140,0
DA:143,0
DA:144,0
DA:148,0
DA:150,0
DA:151,0
DA:152,0
DA:154,0
DA:156,0
DA:157,0
DA:158,0
DA:159,0
DA:160,0
DA:161,0
DA:162,0
DA:163,0
DA:167,0
DA:168,0
DA:169,0
DA:171,0
DA:172,0
DA:173,0
DA:174,0
DA:175,0
DA:179,0
DA:180,0
DA:181,0
DA:184,0
DA:185,0
DA:186,0
DA:187,0
DA:188,0
DA:189,0
DA:194,0
DA:195,0
DA:196,0
DA:197,0
DA:201,0
DA:202,0
DA:203,0
DA:204,0
DA:208,0
DA:209,0
DA:210,0
DA:213,0
DA:214,0
DA:215,0
DA:219,0
DA:220,0
DA:221,0
DA:225,0
DA:228,0
DA:229,0
DA:231,0
DA:232,0
LF:111
LH:5
end_of_record
TN:
SF:/home/mateo/FacultadMate/Sistemas/Lab3/so-i-24-chp3-mateoUNC/shell/src/parser.c
FN:12,divisor_input
FN:24,parse_pipeline
FNDA:4,parse_pipeline
FNDA:4,divisor_input
FNF:2
FNH:2
DA:12,4
DA:14,4
DA:16,16
DA:17,12
DA:18,12
DA:21,4
DA:22,4
DA:24,4
DA:26,4
DA:28,16
DA:30,20
DA:31,8
DA:34,12
DA:35,20
DA:36,8
DA:39,12
DA:40,12
DA:43,4
DA:44,4
LF:19
LH:19
end_of_record
TN:
SF:/home/mateo/FacultadMate/Sistemas/Lab3/so-i-24-chp3-mateoUNC/shell/src/signals.c
FN:27,shell_signal_handler
FN:48,sigchld_handler
FNDA:0,sigchld_handler
FNDA:16,shell_signal_handler
FNF:2
FNH:1
DA:27,16
DA:28,16
DA:30,8
DA:31,0
DA:35,8
DA:36,4
DA:37,4
DA:38,4
DA:42,8
DA:43,8
DA:44,8
DA:46,16
DA:48,0
DA:51,0
DA:56,0
DA:57,0
DA:59,0
DA:62,0
DA:64,0
DA:67,0
DA:71,0
DA:72,0
DA:76,0
DA:77,0
LF:24
LH:11
end_of_record
TN:
SF:/home/mateo/FacultadMate/Sistemas/Lab3/so-i-24-chp3-mateoUNC/shell/src/utils.c
FN:11,free_args
FN:17,clear_screen
FNDA:0,free_args
FNDA:0,clear_screen
FNF:2
FNH:0
DA:11,0
DA:12,0
DA:13,0
DA:15,0
DA:17,0
DA:18,0
DA:20,0
DA:21,0
LF:8
LH:0
end_of_record
